<?xml version="1.0" encoding="utf-8"?><testsuites name="pytest tests"><testsuite name="pytest" errors="0" failures="0" skipped="0" tests="55" time="17.217" timestamp="2026-09-08T00:01:42.344685+08:00" hostname="DESKTOP-TBGO0BU"><testcase classname="tests.application.test_m0_acceptance" name="test_h001_no_active_contract_no_dispatch" time="0.106" /><testcase classname="tests.application.test_m0_acceptance" name="test_h002_user_agent_cannot_approve" time="0.099" /><testcase classname="tests.application.test_m0_acceptance" name="test_h002_internal_cannot_approve" time="0.087" /><testcase classname="tests.application.test_m0_acceptance" name="test_h003_stale_approval_rejected" time="0.086" /><testcase classname="tests.application.test_m0_acceptance" name="test_h004_duplicate_decision_idempotent" time="0.088" /><testcase classname="tests.application.test_m0_acceptance" name="test_h005_idempotency_conflict" time="0.072" /><testcase classname="tests.application.test_m0_acceptance" name="test_h006_cancel_invalidates_pending_start" time="0.125" /><testcase classname="tests.application.test_m0_acceptance" name="test_h007_gate_freezes_dispatch" time="0.109" /><testcase classname="tests.application.test_m0_acceptance" name="test_h008_pause_resume_with_pending_gate" time="0.165" /><testcase classname="tests.application.test_m0_acceptance" name="test_h009_crash_before_commit_no_partial" time="0.080" /><testcase classname="tests.application.test_m0_acceptance" name="test_h009_crash_after_commit_scan_recovers" time="0.111" /><testcase classname="tests.application.test_m0_acceptance" name="test_h010_late_result_does_not_overwrite" time="0.134" /><testcase classname="tests.application.test_m0_acceptance" name="test_h011_stale_planner_generation" time="0.099" /><testcase classname="tests.application.test_m0_acceptance" name="test_h012_profile_version_frozen_on_run" time="0.112" /><testcase classname="tests.application.test_m0_acceptance" name="test_h013_verify_fail_blocks_verdict_pass_dep" time="0.140" /><testcase classname="tests.application.test_m0_acceptance" name="test_h014_plan_authorization_change_needs_delta" time="0.166" /><testcase classname="tests.application.test_m0_acceptance" name="test_h015_unrelated_plan_bump_keeps_valid_result" time="0.126" /><testcase classname="tests.application.test_m0_acceptance" name="test_h016_upstream_hash_change_invalidates_pass" time="0.137" /><testcase classname="tests.application.test_m0_acceptance" name="test_h017_no_completed_without_acceptance" time="0.116" /><testcase classname="tests.application.test_m0_acceptance" name="test_h018_budget_gate" time="0.097" /><testcase classname="tests.application.test_m0_acceptance" name="test_h019_lease_expired_writer_alive_quarantine" time="0.196" /><testcase classname="tests.application.test_m0_acceptance" name="test_h020_reconcile_keeps_paused_waiting" time="0.178" /><testcase classname="tests.application.test_m0_acceptance" name="test_h021_event_sequence_monotonic_ignores_producer_clock" time="0.075" /><testcase classname="tests.application.test_m0_acceptance" name="test_h044_no_dispatch_without_approval" time="0.108" /><testcase classname="tests.application.test_m0_acceptance" name="test_h045_param_change_invalidates_old_approval" time="0.114" /><testcase classname="tests.application.test_m0_acceptance" name="test_h046_dispatch_crash_leaves_identity" time="0.115" /><testcase classname="tests.application.test_m0_acceptance" name="test_h047_idempotent_reconcile_single_effect" time="0.123" /><testcase classname="tests.application.test_m0_acceptance" name="test_h048_non_idempotent_unknown_no_auto_redispatch" time="0.124" /><testcase classname="tests.application.test_m0_acceptance" name="test_h049_same_logical_action_reuses_effect" time="0.176" /><testcase classname="tests.application.test_m0_acceptance" name="test_h050_cancel_after_dispatch_keeps_uncertainty" time="0.135" /><testcase classname="tests.application.test_m0_review_regressions" name="test_p0_user_agent_cannot_approve_side_effect" time="0.096" /><testcase classname="tests.application.test_m0_review_regressions" name="test_p0_unknown_exception_does_not_blind_replay" time="0.117" /><testcase classname="tests.application.test_m0_review_regressions" name="test_p0_cancel_blocks_unsent_side_effect" time="0.116" /><testcase classname="tests.application.test_m0_review_regressions" name="test_p1_acceptance_rejects_empty_and_stale_snapshot" time="0.128" /><testcase classname="tests.application.test_m0_review_regressions" name="test_p1_completed_cannot_pause" time="0.214" /><testcase classname="tests.application.test_m0_review_regressions" name="test_p1_quiescent_refuses_live_writer" time="0.130" /><testcase classname="tests.application.test_m0_review_regressions" name="test_p1_pause_resume_clears_markers" time="0.148" /><testcase classname="tests.application.test_m0_review_regressions" name="test_p1_gate_resolve_restores_dispatch" time="0.169" /><testcase classname="tests.application.test_m0_review_regressions" name="test_p1_plan_rejects_cross_task_work_unit" time="0.122" /><testcase classname="tests.application.test_m0_review_regressions" name="test_p1_plan_binds_spec_version" time="0.124" /><testcase classname="tests.application.test_m0_review_regressions" name="test_p1_instance_lock_mutex" time="0.004" /><testcase classname="tests.application.test_m0_review_regressions" name="test_p1_outbox_inflight_recovery" time="0.199" /><testcase classname="tests.application.test_m0_review_regressions" name="test_p1_inbox_dedup_same_message_id" time="0.097" /><testcase classname="tests.application.test_m0_review_regressions" name="test_p1_concurrency_limits" time="0.127" /><testcase classname="tests.application.test_m0_review_regressions" name="test_p1_contract_resource_limit_synced" time="0.101" /><testcase classname="tests.domain.test_transitions" name="test_task_transition_happy_path" time="0.000" /><testcase classname="tests.domain.test_transitions" name="test_illegal_task_transition" time="0.000" /><testcase classname="tests.domain.test_transitions" name="test_run_terminal_irreversible" time="0.000" /><testcase classname="tests.domain.test_transitions" name="test_guard_dispatch_requires_contract" time="0.000" /><testcase classname="tests.domain.test_transitions" name="test_dag_cycle_rejected" time="0.000" /><testcase classname="tests.persistence.test_sqlite" name="test_engine_pragmas" time="0.084" /><testcase classname="tests.property.test_random_schedule" name="test_100_fixed_seeds" time="10.787" /><testcase classname="tests.recovery.test_recovery" name="test_migrate_from_empty_dir" time="0.052" /><testcase classname="tests.recovery.test_recovery" name="test_refuse_start_without_schema" time="0.010" /><testcase classname="tests.recovery.test_recovery" name="test_reconcile_after_restart" time="0.134" /></testsuite></testsuites>