<?xml version="1.0" encoding="utf-8"?><testsuites name="pytest tests"><testsuite name="pytest" errors="0" failures="0" skipped="1" tests="103" time="47.857" timestamp="2026-09-17T20:09:49.130073+08:00" hostname="Cancion"><testcase classname="tests.m2.test_h033_h038_acceptance" name="test_h033_bad_plan_refused_without_destroying_active" time="0.154" /><testcase classname="tests.m2.test_h033_h038_acceptance" name="test_h033_cross_task_refused_without_destroying_active" time="0.103" /><testcase classname="tests.m2.test_h033_h038_acceptance" name="test_task_a_plan_run_marker_and_fake_planner" time="0.104" /><testcase classname="tests.m2.test_h033_h038_acceptance" name="test_h034_spawn_refused" time="0.077" /><testcase classname="tests.m2.test_h033_h038_acceptance" name="test_h035_barrier_parallel_and_shared_workspace_serial" time="0.321" /><testcase classname="tests.m2.test_h033_h038_acceptance" name="test_h036_checkpoint_and_stale_generation" time="0.131" /><testcase classname="tests.m2.test_h033_h038_acceptance" name="test_h013_h038_verify_fail_repair_new_pass" time="0.165" /><testcase classname="tests.m2.test_h033_h038_acceptance" name="test_h037_integrate_conflict_keeps_original_artifacts" time="0.160" /><testcase classname="tests.m2.test_h033_h038_acceptance" name="test_h011_h014_h015_h016_via_planner_runtime" time="0.294" /><testcase classname="tests.m2.test_h033_h038_acceptance" name="test_g4_complex_fake_scenario_x20[0]" time="0.215" /><testcase classname="tests.m2.test_h033_h038_acceptance" name="test_g4_complex_fake_scenario_x20[1]" time="0.205" /><testcase classname="tests.m2.test_h033_h038_acceptance" name="test_g4_complex_fake_scenario_x20[2]" time="0.211" /><testcase classname="tests.m2.test_h033_h038_acceptance" name="test_g4_complex_fake_scenario_x20[3]" time="0.289" /><testcase classname="tests.m2.test_h033_h038_acceptance" name="test_g4_complex_fake_scenario_x20[4]" time="0.211" /><testcase classname="tests.m2.test_h033_h038_acceptance" name="test_g4_complex_fake_scenario_x20[5]" time="0.215" /><testcase classname="tests.m2.test_h033_h038_acceptance" name="test_g4_complex_fake_scenario_x20[6]" time="0.213" /><testcase classname="tests.m2.test_h033_h038_acceptance" name="test_g4_complex_fake_scenario_x20[7]" time="0.297" /><testcase classname="tests.m2.test_h033_h038_acceptance" name="test_g4_complex_fake_scenario_x20[8]" time="0.226" /><testcase classname="tests.m2.test_h033_h038_acceptance" name="test_g4_complex_fake_scenario_x20[9]" time="0.204" /><testcase classname="tests.m2.test_h033_h038_acceptance" name="test_g4_complex_fake_scenario_x20[10]" time="0.212" /><testcase classname="tests.m2.test_h033_h038_acceptance" name="test_g4_complex_fake_scenario_x20[11]" time="0.224" /><testcase classname="tests.m2.test_h033_h038_acceptance" name="test_g4_complex_fake_scenario_x20[12]" time="0.284" /><testcase classname="tests.m2.test_h033_h038_acceptance" name="test_g4_complex_fake_scenario_x20[13]" time="0.214" /><testcase classname="tests.m2.test_h033_h038_acceptance" name="test_g4_complex_fake_scenario_x20[14]" time="0.209" /><testcase classname="tests.m2.test_h033_h038_acceptance" name="test_g4_complex_fake_scenario_x20[15]" time="0.208" /><testcase classname="tests.m2.test_h033_h038_acceptance" name="test_g4_complex_fake_scenario_x20[16]" time="0.292" /><testcase classname="tests.m2.test_h033_h038_acceptance" name="test_g4_complex_fake_scenario_x20[17]" time="0.202" /><testcase classname="tests.m2.test_h033_h038_acceptance" name="test_g4_complex_fake_scenario_x20[18]" time="0.204" /><testcase classname="tests.m2.test_h033_h038_acceptance" name="test_g4_complex_fake_scenario_x20[19]" time="0.199" /><testcase classname="tests.m2.test_review_regressions" name="test_worker_cannot_dispatch_foreign_task" time="0.244" /><testcase classname="tests.m2.test_review_regressions" name="test_post_message_requires_run_binding" time="0.097" /><testcase classname="tests.m2.test_review_regressions" name="test_generation_bump_revokes_old_plan_run" time="0.117" /><testcase classname="tests.m2.test_review_regressions" name="test_worker_result_posts_task_message" time="0.128" /><testcase classname="tests.m2.test_review_regressions" name="test_work_unit_objective_and_input_refs_preserved" time="0.137" /><testcase classname="tests.m2.test_review_regressions" name="test_parse_explicit_verify_fail" time="0.000" /><testcase classname="tests.m2.test_review_regressions" name="test_api_agent_preserves_completed_fail" time="0.133" /><testcase classname="tests.m2.test_review_regressions" name="test_docker_inspect_query_failure_keeps_isolation" time="0.083" /><testcase classname="tests.m2.test_review_regressions" name="test_empty_and_dot_paths_rejected" time="0.001" /><testcase classname="tests.m2.test_second_review_regressions" name="test_parse_keeps_nested_acceptance_evidence" time="0.000" /><testcase classname="tests.m2.test_second_review_regressions" name="test_parse_keeps_evidence_when_verdict_follows_evidence" time="0.000" /><testcase classname="tests.m2.test_second_review_regressions" name="test_parse_rejects_truncated_json_instead_of_guessing_pass" time="0.000" /><testcase classname="tests.m2.test_second_review_regressions" name="test_parse_ignores_json_shaped_prose" time="0.000" /><testcase classname="tests.m2.test_second_review_regressions" name="test_parse_still_honors_explicit_markers" time="0.000" /><testcase classname="tests.m2.test_second_review_regressions" name="test_parse_handles_brace_inside_string" time="0.000" /><testcase classname="tests.m2.test_second_review_regressions" name="test_plan_manifest_materializes_contract" time="0.214" /><testcase classname="tests.m2.test_second_review_regressions" name="test_fake_planner_consumes_task_messages_on_recovery" time="0.169" /><testcase classname="tests.m2.test_second_review_regressions" name="test_checkpoint_requires_active_plan_run_and_principal" time="0.117" /><testcase classname="tests.m2.test_second_review_regressions" name="test_confirmed_shell_exit_releases_workspace" time="0.144" /><testcase classname="tests.m2.test_second_review_regressions" name="test_pending_claim_does_not_quarantine_but_unconfirmed_exit_does" time="0.116" /><testcase classname="tests.m1.test_fixed_tasks" name="test_exactly_three_fixed_tasks_exist" time="0.000" /><testcase classname="tests.m1.test_fixed_tasks" name="test_task_spec_is_loadable_and_within_system_limits[k1_attachment_summary]" time="0.000" /><testcase classname="tests.m1.test_fixed_tasks" name="test_task_spec_is_loadable_and_within_system_limits[k2_file_conversion]" time="0.000" /><testcase classname="tests.m1.test_fixed_tasks" name="test_task_spec_is_loadable_and_within_system_limits[k3_repo_change]" time="0.000" /><testcase classname="tests.m1.test_fixed_tasks" name="test_every_fixed_task_is_offline_and_local" time="0.000" /><testcase classname="tests.m1.test_fixed_tasks" name="test_k3_seed_repo_actually_fails_before_the_fix" time="0.000" /><testcase classname="tests.m1.test_fixed_tasks" name="test_k1_and_k2_seeds_are_deterministic_and_small" time="0.000" /><testcase classname="tests.m1.test_fixed_tasks" name="test_runner_dry_run_validates_the_path_without_a_provider" time="1.903" /><testcase classname="tests.m1.test_fixed_tasks" name="test_dotenv_parser_is_safe_and_env_wins" time="0.001" /><testcase classname="tests.m1.test_fixed_tasks" name="test_env_files_are_never_committed" time="0.003" /><testcase classname="tests.m1.test_h022_h032_acceptance" name="test_h022_simple_task_reaches_the_worker_without_a_planner" time="0.131" /><testcase classname="tests.m1.test_h022_h032_acceptance" name="test_h023_worker_reads_only_authorized_inputs_and_never_inherits" time="0.116" /><testcase classname="tests.m1.test_h022_h032_acceptance" name="test_h024_mandatory_context_overflow_blocks_instead_of_truncating" time="0.190" /><testcase classname="tests.m1.test_h022_h032_acceptance" name="test_h025_dynamic_input_is_appended_with_provenance" time="0.121" /><testcase classname="tests.m1.test_h022_h032_acceptance" name="test_h026_unauthorized_artifact_or_foreign_reads_are_refused" time="0.186" /><testcase classname="tests.m1.test_h022_h032_acceptance" name="test_h027_path_traversal_and_symlink_escape_are_refused_and_recorded" time="0.196" /><testcase classname="tests.m1.test_h022_h032_acceptance" name="test_h028_sandbox_has_no_network_and_no_credentials" time="0.000"><skipped type="pytest.skip" message="docker unavailable">/home/ventus/src/hibiki/tests/m1/test_h022_h032_acceptance.py:412: docker unavailable</skipped></testcase><testcase classname="tests.m1.test_h022_h032_acceptance" name="test_h029_same_workspace_admits_only_one_writer" time="0.136" /><testcase classname="tests.m1.test_h022_h032_acceptance" name="test_h030_retry_creates_a_new_run_and_keeps_the_workspace" time="0.274" /><testcase classname="tests.m1.test_h022_h032_acceptance" name="test_h031_crash_between_publish_and_registration_leaves_no_lie" time="0.124" /><testcase classname="tests.m1.test_h022_h032_acceptance" name="test_h032_worker_without_a_usable_sandbox_never_claims_success" time="0.136" /><testcase classname="tests.m1.test_h022_h032_acceptance" name="test_task_model_budget_is_enforced_by_the_core_not_the_worker" time="0.155" /><testcase classname="tests.m1.test_h022_h032_acceptance" name="test_worker_stops_when_the_core_refuses_more_model_calls" time="0.175" /><testcase classname="tests.m1.test_m1_p1_fixes" name="test_artifact_store_refuses_path_traversal" time="0.001" /><testcase classname="tests.m1.test_m1_p1_fixes" name="test_context_append_refuses_foreign_and_traversal_artifact_uris" time="0.267" /><testcase classname="tests.m1.test_m1_p1_fixes" name="test_expected_outputs_without_artifacts_are_blocked" time="0.120" /><testcase classname="tests.m1.test_m1_p1_fixes" name="test_acceptance_criteria_and_contract_enter_worker_prompt" time="0.125" /><testcase classname="tests.m1.test_m1_p1_fixes" name="test_dependency_result_refs_use_incoming_edges" time="0.123" /><testcase classname="tests.m1.test_m1_p1_fixes" name="test_context_append_hash_mismatch_is_refused_for_artifacts" time="0.123" /><testcase classname="tests.m1.test_m1_p1_fixes" name="test_fs_read_registers_context_append" time="0.245" /><testcase classname="tests.m1.test_m1_p1_fixes" name="test_failed_docker_kill_leaves_exit_unconfirmed" time="0.349" /><testcase classname="tests.m1.test_m1_p1_fixes" name="test_reconcile_quarantines_unconfirmed_sandbox_exit" time="0.210" /><testcase classname="tests.m1.test_m1_p1_fixes" name="test_run_wall_budget_is_checked_before_each_tool" time="1.568" /><testcase classname="tests.m1.test_m1_review_fixes" name="test_p1_stop_terminates_the_run_and_its_credential_loses_tool_access" time="0.674" /><testcase classname="tests.m1.test_m1_review_fixes" name="test_p1_result_after_stop_is_history_and_never_completes_the_work_unit" time="20.169" /><testcase classname="tests.m1.test_m1_review_fixes" name="test_p1_a_credential_bound_to_another_run_cannot_publish_or_append" time="0.122" /><testcase classname="tests.m1.test_m1_review_fixes" name="test_p2_model_usage_requires_a_run_bound_internal_credential" time="0.300" /><testcase classname="tests.m1.test_m1_review_fixes" name="test_p2_empty_model_completion_is_blocked_not_passed" time="0.118" /><testcase classname="tests.m1.test_m1_review_fixes" name="test_p2_run_wall_timeout_bounds_the_worker_loop" time="1.336" /><testcase classname="tests.m1.test_m1_review_fixes" name="test_p2_lost_run_with_a_possible_effect_blocks_instead_of_retrying" time="0.623" /><testcase classname="tests.m1.test_m1_review_fixes" name="test_p2_dependency_result_bytes_count_towards_the_context_budget" time="0.171" /><testcase classname="tests.m1.test_m1_review_fixes" name="test_p1_published_artifact_is_a_verified_delivery" time="0.130" /><testcase classname="tests.m1.test_m1_review_fixes" name="test_p1_fabricated_artifact_reference_is_never_a_verified_delivery" time="0.325" /><testcase classname="tests.m1.test_provider_faults" name="test_client_retries_a_transient_rate_limit" time="0.543" /><testcase classname="tests.m1.test_provider_faults" name="test_client_retries_a_server_error" time="0.512" /><testcase classname="tests.m1.test_provider_faults" name="test_client_does_not_retry_an_auth_failure" time="0.509" /><testcase classname="tests.m1.test_provider_faults" name="test_client_classifies_a_malformed_body_as_a_protocol_error" time="0.508" /><testcase classname="tests.m1.test_provider_faults" name="test_client_classifies_an_empty_choices_body" time="0.508" /><testcase classname="tests.m1.test_provider_faults" name="test_client_times_out_on_a_hanging_provider" time="1.015" /><testcase classname="tests.m1.test_provider_faults" name="test_adapter_blocks_on_a_persistent_provider_failure" time="1.132" /><testcase classname="tests.m1.test_provider_faults" name="test_adapter_blocks_on_truncated_tool_arguments" time="0.670" /><testcase classname="tests.m1.test_provider_faults" name="test_adapter_survives_a_transient_fault_and_completes" time="0.609" /><testcase classname="tests.m1.test_provider_faults" name="test_stop_cap_bounds_a_hanging_provider_call" time="0.502" /><testcase classname="tests.m1.test_provider_faults" name="test_harness_survives_a_chaotic_provider_without_invariant_violations" time="2.121" /></testsuite></testsuites>