<?xml version="1.0" encoding="utf-8"?><testsuites name="pytest tests"><testsuite name="pytest" errors="0" failures="0" skipped="0" tests="102" time="92.932" timestamp="2026-09-13T15:58:33.491560+08:00" hostname="Cancion"><testcase classname="tests.application.test_m0_acceptance" name="test_h001_no_active_contract_no_dispatch" time="0.126" /><testcase classname="tests.application.test_m0_acceptance" name="test_h002_user_agent_cannot_approve" time="0.060" /><testcase classname="tests.application.test_m0_acceptance" name="test_h002_internal_cannot_approve" time="0.061" /><testcase classname="tests.application.test_m0_acceptance" name="test_h003_stale_approval_rejected" time="0.075" /><testcase classname="tests.application.test_m0_acceptance" name="test_h004_duplicate_decision_idempotent" time="0.075" /><testcase classname="tests.application.test_m0_acceptance" name="test_h005_idempotency_conflict" time="0.050" /><testcase classname="tests.application.test_m0_acceptance" name="test_h006_cancel_invalidates_pending_start" time="0.112" /><testcase classname="tests.application.test_m0_acceptance" name="test_h007_gate_freezes_dispatch" time="0.097" /><testcase classname="tests.application.test_m0_acceptance" name="test_h008_pause_resume_with_pending_gate" time="0.175" /><testcase classname="tests.application.test_m0_acceptance" name="test_h009_crash_before_commit_no_partial" time="0.059" /><testcase classname="tests.application.test_m0_acceptance" name="test_h009_crash_after_commit_scan_recovers" time="0.097" /><testcase classname="tests.application.test_m0_acceptance" name="test_h010_late_result_does_not_overwrite" time="0.115" /><testcase classname="tests.application.test_m0_acceptance" name="test_h011_stale_planner_generation" time="0.085" /><testcase classname="tests.application.test_m0_acceptance" name="test_h012_profile_version_frozen_on_run" time="0.094" /><testcase classname="tests.application.test_m0_acceptance" name="test_h013_verify_fail_blocks_verdict_pass_dep" time="0.192" /><testcase classname="tests.application.test_m0_acceptance" name="test_h014_plan_authorization_change_needs_delta" time="0.083" /><testcase classname="tests.application.test_m0_acceptance" name="test_h015_unrelated_plan_bump_keeps_valid_result" time="0.115" /><testcase classname="tests.application.test_m0_acceptance" name="test_h016_upstream_hash_change_invalidates_pass" time="0.121" /><testcase classname="tests.application.test_m0_acceptance" name="test_h017_no_completed_without_acceptance" time="0.107" /><testcase classname="tests.application.test_m0_acceptance" name="test_h018_budget_gate" time="0.189" /><testcase classname="tests.application.test_m0_acceptance" name="test_h019_lease_expired_writer_alive_quarantine" time="0.116" /><testcase classname="tests.application.test_m0_acceptance" name="test_h020_reconcile_keeps_paused_waiting" time="0.098" /><testcase classname="tests.application.test_m0_acceptance" name="test_h021_event_sequence_monotonic_ignores_producer_clock" time="0.067" /><testcase classname="tests.application.test_m0_acceptance" name="test_h044_no_dispatch_without_approval" time="0.095" /><testcase classname="tests.application.test_m0_acceptance" name="test_h045_param_change_invalidates_old_approval" time="0.114" /><testcase classname="tests.application.test_m0_acceptance" name="test_h046_dispatch_crash_leaves_identity" time="0.121" /><testcase classname="tests.application.test_m0_acceptance" name="test_h047_idempotent_reconcile_single_effect" time="0.187" /><testcase classname="tests.application.test_m0_acceptance" name="test_h048_non_idempotent_unknown_no_auto_redispatch" time="0.106" /><testcase classname="tests.application.test_m0_acceptance" name="test_h049_same_logical_action_reuses_effect" time="0.095" /><testcase classname="tests.application.test_m0_acceptance" name="test_h050_cancel_after_dispatch_keeps_uncertainty" time="0.118" /><testcase classname="tests.application.test_m0_review_regressions" name="test_p0_user_agent_cannot_approve_side_effect" time="0.081" /><testcase classname="tests.application.test_m0_review_regressions" name="test_p0_unknown_exception_does_not_blind_replay" time="0.106" /><testcase classname="tests.application.test_m0_review_regressions" name="test_p0_cancel_blocks_unsent_side_effect" time="0.201" /><testcase classname="tests.application.test_m0_review_regressions" name="test_p1_acceptance_rejects_empty_and_stale_snapshot" time="0.142" /><testcase classname="tests.application.test_m0_review_regressions" name="test_p1_completed_cannot_pause" time="0.132" /><testcase classname="tests.application.test_m0_review_regressions" name="test_p1_quiescent_refuses_live_writer" time="0.103" /><testcase classname="tests.application.test_m0_review_regressions" name="test_p1_pause_resume_clears_markers" time="0.126" /><testcase classname="tests.application.test_m0_review_regressions" name="test_p1_gate_resolve_restores_dispatch" time="0.194" /><testcase classname="tests.application.test_m0_review_regressions" name="test_p1_plan_rejects_cross_task_work_unit" time="0.094" /><testcase classname="tests.application.test_m0_review_regressions" name="test_p1_plan_binds_spec_version" time="0.097" /><testcase classname="tests.application.test_m0_review_regressions" name="test_p1_instance_lock_mutex" time="0.001" /><testcase classname="tests.application.test_m0_review_regressions" name="test_p1_outbox_inflight_recovery" time="0.089" /><testcase classname="tests.application.test_m0_review_regressions" name="test_p1_inbox_dedup_same_message_id" time="0.078" /><testcase classname="tests.application.test_m0_review_regressions" name="test_p1_concurrency_limits" time="0.096" /><testcase classname="tests.application.test_m0_review_regressions" name="test_p1_contract_resource_limit_synced" time="0.229" /><testcase classname="tests.application.test_m0_review_regressions" name="test_p0_paused_blocks_side_effect_dispatch" time="0.103" /><testcase classname="tests.application.test_m0_review_regressions" name="test_p0_blocking_gate_blocks_side_effect_dispatch" time="0.096" /><testcase classname="tests.application.test_m0_review_regressions" name="test_p1_acceptance_rejects_fail_without_criterion_evidence" time="0.125" /><testcase classname="tests.application.test_m0_review_regressions" name="test_p1_result_does_not_imply_executor_exit" time="0.104" /><testcase classname="tests.application.test_m0_review_regressions" name="test_p1_lost_run_recovers_work_unit_for_retry" time="0.103" /><testcase classname="tests.application.test_m0_review_regressions" name="test_p1_inbox_replay_preserves_failure" time="0.153" /><testcase classname="tests.application.test_m0_review_regressions" name="test_p1_client_extra_evidence_cannot_bypass_fail" time="0.112" /><testcase classname="tests.application.test_m0_review_regressions" name="test_p1_spec_change_rejects_old_run_completing_new_definition" time="0.161" /><testcase classname="tests.application.test_m0_review_regressions" name="test_p1_gate_revoke_start_allows_redispatch" time="0.111" /><testcase classname="tests.application.test_m0_review_regressions" name="test_p1_pause_stops_succeeded_but_alive_executor" time="0.113" /><testcase classname="tests.application.test_m0_review_regressions" name="test_p0_inflight_start_gate_no_double_writer" time="0.107" /><testcase classname="tests.application.test_m0_review_regressions" name="test_p1_structured_result_same_hash_dual_refs" time="0.231" /><testcase classname="tests.application.test_m0_review_regressions" name="test_p1_verify_fail_not_masked_by_prior_pass_artifact" time="0.137" /><testcase classname="tests.application.test_m0_review_regressions" name="test_p1_user_agent_cannot_submit_result" time="0.087" /><testcase classname="tests.application.test_m0_review_regressions" name="test_p1_worker_bound_gate_then_redispatch" time="0.117" /><testcase classname="tests.application.test_m0_review_regressions" name="test_p1_contract_delta_stays_pending_apply" time="0.093" /><testcase classname="tests.application.test_m0_review_regressions" name="test_p0_reconcile_inflight_start_then_gate_no_double_writer" time="0.229" /><testcase classname="tests.application.test_m0_review_regressions" name="test_p1_evidence_sequence_beats_same_created_at_pass" time="0.131" /><testcase classname="tests.application.test_m0_review_regressions" name="test_p1_extra_evidence_cannot_select_stale_pass_hash" time="0.138" /><testcase classname="tests.application.test_m0_review_regressions" name="test_p1_internal_must_bind_principal_and_fencing" time="0.121" /><testcase classname="tests.application.test_m0_review_regressions" name="test_p1_dual_approved_delta_second_apply_conflicts" time="0.111" /><testcase classname="tests.application.test_m0_round6" name="test_delayed_start_after_precheck_cannot_outlive_stop_barrier" time="0.120" /><testcase classname="tests.application.test_m0_round6" name="test_missing_process_without_revocation_ack_keeps_workspace" time="0.100" /><testcase classname="tests.application.test_m0_round6" name="test_secondary_deliverable_fail_blocks_acceptance" time="0.307" /><testcase classname="tests.application.test_m0_round6" name="test_acceptance_requires_explicit_evidence_and_supports_secondary_hash[None-missing_evidence]" time="0.109" /><testcase classname="tests.application.test_m0_round6" name="test_acceptance_requires_explicit_evidence_and_supports_secondary_hash[b-None]" time="0.141" /><testcase classname="tests.application.test_m0_round6" name="test_runtime_credentials_cannot_write_another_run_or_replay_its_command[submit_result]" time="0.128" /><testcase classname="tests.application.test_m0_round6" name="test_runtime_credentials_cannot_write_another_run_or_replay_its_command[heartbeat]" time="0.123" /><testcase classname="tests.application.test_m0_round6" name="test_runtime_credentials_cannot_write_another_run_or_replay_its_command[set_writer_alive]" time="0.122" /><testcase classname="tests.application.test_m0_round6" name="test_runtime_credentials_cannot_write_another_run_or_replay_its_command[confirm_run_exit]" time="0.279" /><testcase classname="tests.application.test_m0_round6" name="test_exit_confirmation_rejects_unbound_or_foreign_identity_before_stop[caller0]" time="0.112" /><testcase classname="tests.application.test_m0_round6" name="test_exit_confirmation_rejects_unbound_or_foreign_identity_before_stop[caller1]" time="0.092" /><testcase classname="tests.application.test_m0_round6" name="test_exit_confirmation_rejects_unbound_or_foreign_identity_before_stop[caller2]" time="0.092" /><testcase classname="tests.application.test_m0_round6" name="test_exit_confirmation_rejects_unbound_or_foreign_identity_before_stop[caller3]" time="0.090" /><testcase classname="tests.application.test_m0_round6" name="test_identity_and_epoch_binding_cannot_be_supplied_in_body" time="0.105" /><testcase classname="tests.application.test_m0_round6" name="test_decision_idempotency_replays_across_message_ids" time="0.107" /><testcase classname="tests.application.test_m0_round6" name="test_legacy_empty_namespace_result_can_be_replayed" time="0.106" /><testcase classname="tests.application.test_m0_round6" name="test_duplicate_criterion_evidence_is_rejected_atomically" time="0.275" /><testcase classname="tests.application.test_m0_round6" name="test_start_stop_mutex_prevents_double_writer_after_internal_interleave" time="0.322" /><testcase classname="tests.application.test_m0_round6" name="test_start_rechecks_revoke_before_register" time="0.042" /><testcase classname="tests.application.test_m0_round6" name="test_revoked_start_preserves_stubborn_writer_liveness" time="0.037" /><testcase classname="tests.application.test_m0_round6" name="test_bound_user_agent_cannot_confirm_run_exit" time="0.095" /><testcase classname="tests.domain.test_transitions" name="test_task_transition_happy_path" time="0.000" /><testcase classname="tests.domain.test_transitions" name="test_illegal_task_transition" time="0.000" /><testcase classname="tests.domain.test_transitions" name="test_run_terminal_irreversible" time="0.000" /><testcase classname="tests.domain.test_transitions" name="test_guard_dispatch_requires_contract" time="0.000" /><testcase classname="tests.domain.test_transitions" name="test_dag_cycle_rejected" time="0.000" /><testcase classname="tests.persistence.test_sqlite" name="test_engine_pragmas" time="0.015" /><testcase classname="tests.property.test_random_schedule" name="test_100_fixed_seeds" time="79.000" /><testcase classname="tests.property.test_random_schedule" name="test_random_schedule_reports_real_input_counts" time="2.183" /><testcase classname="tests.recovery.test_recovery" name="test_migrate_from_empty_dir" time="0.042" /><testcase classname="tests.recovery.test_recovery" name="test_refuse_start_without_schema" time="0.002" /><testcase classname="tests.recovery.test_recovery" name="test_startup_refuses_unknown_schema_on_existing_db" time="0.375" /><testcase classname="tests.recovery.test_recovery" name="test_startup_refuses_partially_migrated_db" time="0.049" /><testcase classname="tests.recovery.test_recovery" name="test_startup_refuses_unknown_alembic_revision" time="0.004" /><testcase classname="tests.recovery.test_recovery" name="test_startup_upgrades_known_older_revision" time="0.050" /><testcase classname="tests.recovery.test_recovery" name="test_reconcile_after_restart" time="0.102" /></testsuite></testsuites>