<?xml version="1.0" encoding="utf-8"?><testsuites name="pytest tests"><testsuite name="pytest" errors="0" failures="0" skipped="0" tests="30" time="3.707" timestamp="2026-09-13T15:58:33.528033+08:00" hostname="Cancion"><testcase classname="tests.application.test_m0_acceptance" name="test_h001_no_active_contract_no_dispatch" time="0.089" /><testcase classname="tests.application.test_m0_acceptance" name="test_h002_user_agent_cannot_approve" time="0.109" /><testcase classname="tests.application.test_m0_acceptance" name="test_h002_internal_cannot_approve" time="0.062" /><testcase classname="tests.application.test_m0_acceptance" name="test_h003_stale_approval_rejected" time="0.072" /><testcase classname="tests.application.test_m0_acceptance" name="test_h004_duplicate_decision_idempotent" time="0.075" /><testcase classname="tests.application.test_m0_acceptance" name="test_h005_idempotency_conflict" time="0.051" /><testcase classname="tests.application.test_m0_acceptance" name="test_h006_cancel_invalidates_pending_start" time="0.112" /><testcase classname="tests.application.test_m0_acceptance" name="test_h007_gate_freezes_dispatch" time="0.099" /><testcase classname="tests.application.test_m0_acceptance" name="test_h008_pause_resume_with_pending_gate" time="0.172" /><testcase classname="tests.application.test_m0_acceptance" name="test_h009_crash_before_commit_no_partial" time="0.064" /><testcase classname="tests.application.test_m0_acceptance" name="test_h009_crash_after_commit_scan_recovers" time="0.097" /><testcase classname="tests.application.test_m0_acceptance" name="test_h010_late_result_does_not_overwrite" time="0.115" /><testcase classname="tests.application.test_m0_acceptance" name="test_h011_stale_planner_generation" time="0.084" /><testcase classname="tests.application.test_m0_acceptance" name="test_h012_profile_version_frozen_on_run" time="0.100" /><testcase classname="tests.application.test_m0_acceptance" name="test_h013_verify_fail_blocks_verdict_pass_dep" time="0.194" /><testcase classname="tests.application.test_m0_acceptance" name="test_h014_plan_authorization_change_needs_delta" time="0.087" /><testcase classname="tests.application.test_m0_acceptance" name="test_h015_unrelated_plan_bump_keeps_valid_result" time="0.110" /><testcase classname="tests.application.test_m0_acceptance" name="test_h016_upstream_hash_change_invalidates_pass" time="0.131" /><testcase classname="tests.application.test_m0_acceptance" name="test_h017_no_completed_without_acceptance" time="0.112" /><testcase classname="tests.application.test_m0_acceptance" name="test_h018_budget_gate" time="0.097" /><testcase classname="tests.application.test_m0_acceptance" name="test_h019_lease_expired_writer_alive_quarantine" time="0.204" /><testcase classname="tests.application.test_m0_acceptance" name="test_h020_reconcile_keeps_paused_waiting" time="0.090" /><testcase classname="tests.application.test_m0_acceptance" name="test_h021_event_sequence_monotonic_ignores_producer_clock" time="0.062" /><testcase classname="tests.application.test_m0_acceptance" name="test_h044_no_dispatch_without_approval" time="0.092" /><testcase classname="tests.application.test_m0_acceptance" name="test_h045_param_change_invalidates_old_approval" time="0.116" /><testcase classname="tests.application.test_m0_acceptance" name="test_h046_dispatch_crash_leaves_identity" time="0.114" /><testcase classname="tests.application.test_m0_acceptance" name="test_h047_idempotent_reconcile_single_effect" time="0.193" /><testcase classname="tests.application.test_m0_acceptance" name="test_h048_non_idempotent_unknown_no_auto_redispatch" time="0.111" /><testcase classname="tests.application.test_m0_acceptance" name="test_h049_same_logical_action_reuses_effect" time="0.101" /><testcase classname="tests.application.test_m0_acceptance" name="test_h050_cancel_after_dispatch_keeps_uncertainty" time="0.121" /></testsuite></testsuites>