============================= test session starts ==============================
platform linux -- Python 3.12.12, pytest-9.1.1, pluggy-1.6.0 -- /home/ventus/src/hibiki/.venv/bin/python
cachedir: .pytest_cache
hypothesis profile 'default'
rootdir: /home/ventus/src/hibiki
configfile: pyproject.toml
plugins: asyncio-1.4.0, hypothesis-6.167.1, anyio-4.15.1
asyncio: mode=Mode.AUTO, debug=False, asyncio_default_fixture_loop_scope=None, asyncio_default_test_loop_scope=function
collecting ... collected 30 items

tests/application/test_m0_acceptance.py::test_h001_no_active_contract_no_dispatch PASSED [  3%]
tests/application/test_m0_acceptance.py::test_h002_user_agent_cannot_approve PASSED [  6%]
tests/application/test_m0_acceptance.py::test_h002_internal_cannot_approve PASSED [ 10%]
tests/application/test_m0_acceptance.py::test_h003_stale_approval_rejected PASSED [ 13%]
tests/application/test_m0_acceptance.py::test_h004_duplicate_decision_idempotent PASSED [ 16%]
tests/application/test_m0_acceptance.py::test_h005_idempotency_conflict PASSED [ 20%]
tests/application/test_m0_acceptance.py::test_h006_cancel_invalidates_pending_start PASSED [ 23%]
tests/application/test_m0_acceptance.py::test_h007_gate_freezes_dispatch PASSED [ 26%]
tests/application/test_m0_acceptance.py::test_h008_pause_resume_with_pending_gate PASSED [ 30%]
tests/application/test_m0_acceptance.py::test_h009_crash_before_commit_no_partial PASSED [ 33%]
tests/application/test_m0_acceptance.py::test_h009_crash_after_commit_scan_recovers PASSED [ 36%]
tests/application/test_m0_acceptance.py::test_h010_late_result_does_not_overwrite PASSED [ 40%]
tests/application/test_m0_acceptance.py::test_h011_stale_planner_generation PASSED [ 43%]
tests/application/test_m0_acceptance.py::test_h012_profile_version_frozen_on_run PASSED [ 46%]
tests/application/test_m0_acceptance.py::test_h013_verify_fail_blocks_verdict_pass_dep PASSED [ 50%]
tests/application/test_m0_acceptance.py::test_h014_plan_authorization_change_needs_delta PASSED [ 53%]
tests/application/test_m0_acceptance.py::test_h015_unrelated_plan_bump_keeps_valid_result PASSED [ 56%]
tests/application/test_m0_acceptance.py::test_h016_upstream_hash_change_invalidates_pass PASSED [ 60%]
tests/application/test_m0_acceptance.py::test_h017_no_completed_without_acceptance PASSED [ 63%]
tests/application/test_m0_acceptance.py::test_h018_budget_gate PASSED    [ 66%]
tests/application/test_m0_acceptance.py::test_h019_lease_expired_writer_alive_quarantine PASSED [ 70%]
tests/application/test_m0_acceptance.py::test_h020_reconcile_keeps_paused_waiting PASSED [ 73%]
tests/application/test_m0_acceptance.py::test_h021_event_sequence_monotonic_ignores_producer_clock PASSED [ 76%]
tests/application/test_m0_acceptance.py::test_h044_no_dispatch_without_approval PASSED [ 80%]
tests/application/test_m0_acceptance.py::test_h045_param_change_invalidates_old_approval PASSED [ 83%]
tests/application/test_m0_acceptance.py::test_h046_dispatch_crash_leaves_identity PASSED [ 86%]
tests/application/test_m0_acceptance.py::test_h047_idempotent_reconcile_single_effect PASSED [ 90%]
tests/application/test_m0_acceptance.py::test_h048_non_idempotent_unknown_no_auto_redispatch PASSED [ 93%]
tests/application/test_m0_acceptance.py::test_h049_same_logical_action_reuses_effect PASSED [ 96%]
tests/application/test_m0_acceptance.py::test_h050_cancel_after_dispatch_keeps_uncertainty PASSED [100%]

------------- generated xml file: /tmp/m0-fix/junit-h-catalog.xml --------------
============================== 30 passed in 3.74s ==============================
