<?xml version="1.0" encoding="utf-8"?><testsuites name="pytest tests"><testsuite name="pytest" errors="0" failures="0" skipped="0" tests="323" time="156.524" timestamp="2026-09-17T23:26:32.187523+08:00" hostname="Cancion"><testcase classname="tests.application.test_m0_acceptance" name="test_h001_no_active_contract_no_dispatch" time="0.116" /><testcase classname="tests.application.test_m0_acceptance" name="test_h002_user_agent_cannot_approve" time="0.066" /><testcase classname="tests.application.test_m0_acceptance" name="test_h002_internal_cannot_approve" time="0.061" /><testcase classname="tests.application.test_m0_acceptance" name="test_h003_stale_approval_rejected" time="0.070" /><testcase classname="tests.application.test_m0_acceptance" name="test_h004_duplicate_decision_idempotent" time="0.079" /><testcase classname="tests.application.test_m0_acceptance" name="test_h005_idempotency_conflict" time="0.054" /><testcase classname="tests.application.test_m0_acceptance" name="test_h006_cancel_invalidates_pending_start" time="0.156" /><testcase classname="tests.application.test_m0_acceptance" name="test_h007_gate_freezes_dispatch" time="0.090" /><testcase classname="tests.application.test_m0_acceptance" name="test_h008_pause_resume_with_pending_gate" time="0.094" /><testcase classname="tests.application.test_m0_acceptance" name="test_h009_crash_before_commit_no_partial" time="0.062" /><testcase classname="tests.application.test_m0_acceptance" name="test_h009_crash_after_commit_scan_recovers" time="0.092" /><testcase classname="tests.application.test_m0_acceptance" name="test_h010_late_result_does_not_overwrite" time="0.111" /><testcase classname="tests.application.test_m0_acceptance" name="test_h011_stale_planner_generation" time="0.149" /><testcase classname="tests.application.test_m0_acceptance" name="test_h012_profile_version_frozen_on_run" time="0.100" /><testcase classname="tests.application.test_m0_acceptance" name="test_h013_verify_fail_blocks_verdict_pass_dep" time="0.109" /><testcase classname="tests.application.test_m0_acceptance" name="test_h014_plan_authorization_change_needs_delta" time="0.081" /><testcase classname="tests.application.test_m0_acceptance" name="test_h015_unrelated_plan_bump_keeps_valid_result" time="0.106" /><testcase classname="tests.application.test_m0_acceptance" name="test_h016_upstream_hash_change_invalidates_pass" time="0.183" /><testcase classname="tests.application.test_m0_acceptance" name="test_h017_no_completed_without_acceptance" time="0.101" /><testcase classname="tests.application.test_m0_acceptance" name="test_h018_budget_gate" time="0.098" /><testcase classname="tests.application.test_m0_acceptance" name="test_h019_lease_expired_writer_alive_quarantine" time="0.103" /><testcase classname="tests.application.test_m0_acceptance" name="test_h020_reconcile_keeps_paused_waiting" time="0.156" /><testcase classname="tests.application.test_m0_acceptance" name="test_h021_event_sequence_monotonic_ignores_producer_clock" time="0.058" /><testcase classname="tests.application.test_m0_acceptance" name="test_h044_no_dispatch_without_approval" time="0.085" /><testcase classname="tests.application.test_m0_acceptance" name="test_h045_param_change_invalidates_old_approval" time="0.091" /><testcase classname="tests.application.test_m0_acceptance" name="test_h046_dispatch_crash_leaves_identity" time="0.106" /><testcase classname="tests.application.test_m0_acceptance" name="test_h047_idempotent_reconcile_single_effect" time="0.100" /><testcase classname="tests.application.test_m0_acceptance" name="test_h048_non_idempotent_unknown_no_auto_redispatch" time="0.108" /><testcase classname="tests.application.test_m0_acceptance" name="test_h049_same_logical_action_reuses_effect" time="0.107" /><testcase classname="tests.application.test_m0_acceptance" name="test_h050_cancel_after_dispatch_keeps_uncertainty" time="0.182" /><testcase classname="tests.application.test_m0_review_regressions" name="test_p0_user_agent_cannot_approve_side_effect" time="0.088" /><testcase classname="tests.application.test_m0_review_regressions" name="test_p0_unknown_exception_does_not_blind_replay" time="0.110" /><testcase classname="tests.application.test_m0_review_regressions" name="test_p0_cancel_blocks_unsent_side_effect" time="0.135" /><testcase classname="tests.application.test_m0_review_regressions" name="test_p1_acceptance_rejects_empty_and_stale_snapshot" time="0.142" /><testcase classname="tests.application.test_m0_review_regressions" name="test_p1_completed_cannot_pause" time="0.209" /><testcase classname="tests.application.test_m0_review_regressions" name="test_p1_quiescent_refuses_live_writer" time="0.111" /><testcase classname="tests.application.test_m0_review_regressions" name="test_p1_pause_resume_clears_markers" time="0.136" /><testcase classname="tests.application.test_m0_review_regressions" name="test_p1_gate_resolve_restores_dispatch" time="0.121" /><testcase classname="tests.application.test_m0_review_regressions" name="test_p1_plan_rejects_cross_task_work_unit" time="0.100" /><testcase classname="tests.application.test_m0_review_regressions" name="test_p1_plan_binds_spec_version" time="0.207" /><testcase classname="tests.application.test_m0_review_regressions" name="test_p1_instance_lock_mutex" time="0.001" /><testcase classname="tests.application.test_m0_review_regressions" name="test_p1_outbox_inflight_recovery" time="0.101" /><testcase classname="tests.application.test_m0_review_regressions" name="test_p1_inbox_dedup_same_message_id" time="0.098" /><testcase classname="tests.application.test_m0_review_regressions" name="test_p1_concurrency_limits" time="0.104" /><testcase classname="tests.application.test_m0_review_regressions" name="test_p1_contract_resource_limit_synced" time="0.231" /><testcase classname="tests.application.test_m0_review_regressions" name="test_p0_paused_blocks_side_effect_dispatch" time="0.111" /><testcase classname="tests.application.test_m0_review_regressions" name="test_p0_blocking_gate_blocks_side_effect_dispatch" time="0.104" /><testcase classname="tests.application.test_m0_review_regressions" name="test_p1_acceptance_rejects_fail_without_criterion_evidence" time="0.128" /><testcase classname="tests.application.test_m0_review_regressions" name="test_p1_result_does_not_imply_executor_exit" time="0.113" /><testcase classname="tests.application.test_m0_review_regressions" name="test_p1_lost_run_recovers_work_unit_for_retry" time="0.282" /><testcase classname="tests.application.test_m0_review_regressions" name="test_p1_inbox_replay_preserves_failure" time="0.086" /><testcase classname="tests.application.test_m0_review_regressions" name="test_p1_client_extra_evidence_cannot_bypass_fail" time="0.135" /><testcase classname="tests.application.test_m0_review_regressions" name="test_p1_spec_change_rejects_old_run_completing_new_definition" time="0.164" /><testcase classname="tests.application.test_m0_review_regressions" name="test_p1_gate_revoke_start_allows_redispatch" time="0.109" /><testcase classname="tests.application.test_m0_review_regressions" name="test_p1_pause_stops_succeeded_but_alive_executor" time="0.110" /><testcase classname="tests.application.test_m0_review_regressions" name="test_p0_inflight_start_gate_no_double_writer" time="0.208" /><testcase classname="tests.application.test_m0_review_regressions" name="test_p1_structured_result_same_hash_dual_refs" time="0.116" /><testcase classname="tests.application.test_m0_review_regressions" name="test_p1_verify_fail_not_masked_by_prior_pass_artifact" time="0.160" /><testcase classname="tests.application.test_m0_review_regressions" name="test_p1_user_agent_cannot_submit_result" time="0.095" /><testcase classname="tests.application.test_m0_review_regressions" name="test_p1_worker_bound_gate_then_redispatch" time="0.118" /><testcase classname="tests.application.test_m0_review_regressions" name="test_p1_contract_delta_stays_pending_apply" time="0.096" /><testcase classname="tests.application.test_m0_review_regressions" name="test_p0_reconcile_inflight_start_then_gate_no_double_writer" time="0.217" /><testcase classname="tests.application.test_m0_review_regressions" name="test_p1_evidence_sequence_beats_same_created_at_pass" time="0.141" /><testcase classname="tests.application.test_m0_review_regressions" name="test_p1_extra_evidence_cannot_select_stale_pass_hash" time="0.137" /><testcase classname="tests.application.test_m0_review_regressions" name="test_p1_internal_must_bind_principal_and_fencing" time="0.131" /><testcase classname="tests.application.test_m0_review_regressions" name="test_p1_dual_approved_delta_second_apply_conflicts" time="0.095" /><testcase classname="tests.application.test_m0_round6" name="test_delayed_start_after_precheck_cannot_outlive_stop_barrier" time="0.212" /><testcase classname="tests.application.test_m0_round6" name="test_missing_process_without_revocation_ack_keeps_workspace" time="0.094" /><testcase classname="tests.application.test_m0_round6" name="test_secondary_deliverable_fail_blocks_acceptance" time="0.147" /><testcase classname="tests.application.test_m0_round6" name="test_acceptance_requires_explicit_evidence_and_supports_secondary_hash[None-missing_evidence]" time="0.115" /><testcase classname="tests.application.test_m0_round6" name="test_acceptance_requires_explicit_evidence_and_supports_secondary_hash[b-None]" time="0.118" /><testcase classname="tests.application.test_m0_round6" name="test_runtime_credentials_cannot_write_another_run_or_replay_its_command[submit_result]" time="0.120" /><testcase classname="tests.application.test_m0_round6" name="test_runtime_credentials_cannot_write_another_run_or_replay_its_command[heartbeat]" time="0.233" /><testcase classname="tests.application.test_m0_round6" name="test_runtime_credentials_cannot_write_another_run_or_replay_its_command[set_writer_alive]" time="0.121" /><testcase classname="tests.application.test_m0_round6" name="test_runtime_credentials_cannot_write_another_run_or_replay_its_command[confirm_run_exit]" time="0.126" /><testcase classname="tests.application.test_m0_round6" name="test_exit_confirmation_rejects_unbound_or_foreign_identity_before_stop[caller0]" time="0.092" /><testcase classname="tests.application.test_m0_round6" name="test_exit_confirmation_rejects_unbound_or_foreign_identity_before_stop[caller1]" time="0.086" /><testcase classname="tests.application.test_m0_round6" name="test_exit_confirmation_rejects_unbound_or_foreign_identity_before_stop[caller2]" time="0.087" /><testcase classname="tests.application.test_m0_round6" name="test_exit_confirmation_rejects_unbound_or_foreign_identity_before_stop[caller3]" time="0.089" /><testcase classname="tests.application.test_m0_round6" name="test_identity_and_epoch_binding_cannot_be_supplied_in_body" time="0.218" /><testcase classname="tests.application.test_m0_round6" name="test_decision_idempotency_replays_across_message_ids" time="0.098" /><testcase classname="tests.application.test_m0_round6" name="test_legacy_empty_namespace_result_can_be_replayed" time="0.098" /><testcase classname="tests.application.test_m0_round6" name="test_duplicate_criterion_evidence_is_rejected_atomically" time="0.096" /><testcase classname="tests.application.test_m0_round6" name="test_start_stop_mutex_prevents_double_writer_after_internal_interleave" time="0.308" /><testcase classname="tests.application.test_m0_round6" name="test_start_rechecks_revoke_before_register" time="0.044" /><testcase classname="tests.application.test_m0_round6" name="test_revoked_start_preserves_stubborn_writer_liveness" time="0.045" /><testcase classname="tests.application.test_m0_round6" name="test_bound_user_agent_cannot_confirm_run_exit" time="0.094" /><testcase classname="tests.application.test_m1_artifact_publish" name="test_publish_registers_content_and_hash" time="0.221" /><testcase classname="tests.application.test_m1_artifact_publish" name="test_publish_accepts_a_matching_claimed_hash_and_rejects_a_wrong_one" time="0.102" /><testcase classname="tests.application.test_m1_artifact_publish" name="test_publish_refuses_paths_outside_the_workspace" time="0.102" /><testcase classname="tests.application.test_m1_artifact_publish" name="test_publish_requires_the_run_bound_credential" time="0.096" /><testcase classname="tests.application.test_m1_artifact_publish" name="test_crash_between_content_write_and_registration_leaves_an_orphan_not_a_lie" time="0.098" /><testcase classname="tests.application.test_m1_artifact_publish" name="test_frozen_task_cannot_publish" time="0.097" /><testcase classname="tests.application.test_m1_artifact_publish" name="test_publish_missing_file_is_not_a_precondition_error" time="0.280" /><testcase classname="tests.application.test_m1_artifact_publish" name="test_unconfigured_artifact_store_refuses_publication" time="0.047" /><testcase classname="tests.application.test_m1_context" name="test_initial_manifest_is_materialized_with_fixed_refs" time="0.097" /><testcase classname="tests.application.test_m1_context" name="test_manifest_survives_and_appends_are_ordered_and_provenanced" time="0.113" /><testcase classname="tests.application.test_m1_context" name="test_context_append_refuses_a_lying_hash_and_escaping_refs" time="0.106" /><testcase classname="tests.application.test_m1_context" name="test_context_append_requires_the_run_credential" time="0.092" /><testcase classname="tests.application.test_m1_context" name="test_contract_resource_limits_tighten_the_frozen_spec" time="0.094" /><testcase classname="tests.application.test_m1_context" name="test_resource_limits_cannot_raise_system_defaults" time="0.096" /><testcase classname="tests.application.test_m1_context" name="test_mandatory_context_overflow_blocks_instead_of_truncating" time="0.085" /><testcase classname="tests.application.test_m1_execution_input" name="test_dispatch_freezes_execution_contract" time="0.277" /><testcase classname="tests.application.test_m1_execution_input" name="test_start_payload_carries_binding_and_spec_reference" time="0.121" /><testcase classname="tests.application.test_m1_execution_input" name="test_unknown_ceiling_tools_are_not_granted_but_reported" time="0.098" /><testcase classname="tests.application.test_m1_execution_input" name="test_fs_read_is_always_granted" time="0.094" /><testcase classname="tests.application.test_m1_execution_input" name="test_run_input_is_readable_only_through_the_run_credential" time="0.094" /><testcase classname="tests.application.test_m1_execution_input" name="test_flipping_fencing_epoch_invalidates_the_credential" time="0.096" /><testcase classname="tests.application.test_m1_execution_input" name="test_result_submission_from_the_bound_worker_still_works" time="0.118" /><testcase classname="tests.application.test_m1_execution_input" name="test_run_input_survives_restart_and_stays_bound" time="0.269" /><testcase classname="tests.application.test_m1_execution_input" name="test_application_service_defaults_to_no_workspace_root" time="0.047" /><testcase classname="tests.domain.test_transitions" name="test_task_transition_happy_path" time="0.000" /><testcase classname="tests.domain.test_transitions" name="test_illegal_task_transition" time="0.000" /><testcase classname="tests.domain.test_transitions" name="test_run_terminal_irreversible" time="0.000" /><testcase classname="tests.domain.test_transitions" name="test_guard_dispatch_requires_contract" time="0.000" /><testcase classname="tests.domain.test_transitions" name="test_dag_cycle_rejected" time="0.000" /><testcase classname="tests.m1.test_fixed_tasks" name="test_exactly_three_fixed_tasks_exist" time="0.001" /><testcase classname="tests.m1.test_fixed_tasks" name="test_task_spec_is_loadable_and_within_system_limits[k1_attachment_summary]" time="0.000" /><testcase classname="tests.m1.test_fixed_tasks" name="test_task_spec_is_loadable_and_within_system_limits[k2_file_conversion]" time="0.000" /><testcase classname="tests.m1.test_fixed_tasks" name="test_task_spec_is_loadable_and_within_system_limits[k3_repo_change]" time="0.000" /><testcase classname="tests.m1.test_fixed_tasks" name="test_every_fixed_task_is_offline_and_local" time="0.000" /><testcase classname="tests.m1.test_fixed_tasks" name="test_k3_seed_repo_actually_fails_before_the_fix" time="0.000" /><testcase classname="tests.m1.test_fixed_tasks" name="test_k1_and_k2_seeds_are_deterministic_and_small" time="0.000" /><testcase classname="tests.m1.test_fixed_tasks" name="test_runner_dry_run_validates_the_path_without_a_provider" time="1.841" /><testcase classname="tests.m1.test_fixed_tasks" name="test_dotenv_parser_is_safe_and_env_wins" time="0.001" /><testcase classname="tests.m1.test_fixed_tasks" name="test_env_files_are_never_committed" time="0.002" /><testcase classname="tests.m1.test_h022_h032_acceptance" name="test_h022_simple_task_reaches_the_worker_without_a_planner" time="0.142" /><testcase classname="tests.m1.test_h022_h032_acceptance" name="test_h023_worker_reads_only_authorized_inputs_and_never_inherits" time="0.130" /><testcase classname="tests.m1.test_h022_h032_acceptance" name="test_h024_mandatory_context_overflow_blocks_instead_of_truncating" time="0.098" /><testcase classname="tests.m1.test_h022_h032_acceptance" name="test_h025_dynamic_input_is_appended_with_provenance" time="0.340" /><testcase classname="tests.m1.test_h022_h032_acceptance" name="test_h026_unauthorized_artifact_or_foreign_reads_are_refused" time="0.262" /><testcase classname="tests.m1.test_h022_h032_acceptance" name="test_h027_path_traversal_and_symlink_escape_are_refused_and_recorded" time="0.158" /><testcase classname="tests.m1.test_h022_h032_acceptance" name="test_h028_sandbox_has_no_network_and_no_credentials" time="0.650" /><testcase classname="tests.m1.test_h022_h032_acceptance" name="test_h029_same_workspace_admits_only_one_writer" time="0.123" /><testcase classname="tests.m1.test_h022_h032_acceptance" name="test_h030_retry_creates_a_new_run_and_keeps_the_workspace" time="0.195" /><testcase classname="tests.m1.test_h022_h032_acceptance" name="test_h031_crash_between_publish_and_registration_leaves_no_lie" time="0.146" /><testcase classname="tests.m1.test_h022_h032_acceptance" name="test_h032_worker_without_a_usable_sandbox_never_claims_success" time="0.426" /><testcase classname="tests.m1.test_h022_h032_acceptance" name="test_task_model_budget_is_enforced_by_the_core_not_the_worker" time="0.170" /><testcase classname="tests.m1.test_h022_h032_acceptance" name="test_worker_stops_when_the_core_refuses_more_model_calls" time="0.124" /><testcase classname="tests.m1.test_m1_p1_fixes" name="test_artifact_store_refuses_path_traversal" time="0.001" /><testcase classname="tests.m1.test_m1_p1_fixes" name="test_context_append_refuses_foreign_and_traversal_artifact_uris" time="0.161" /><testcase classname="tests.m1.test_m1_p1_fixes" name="test_expected_outputs_without_artifacts_are_blocked" time="0.118" /><testcase classname="tests.m1.test_m1_p1_fixes" name="test_acceptance_criteria_and_contract_enter_worker_prompt" time="0.117" /><testcase classname="tests.m1.test_m1_p1_fixes" name="test_dependency_result_refs_use_incoming_edges" time="0.126" /><testcase classname="tests.m1.test_m1_p1_fixes" name="test_context_append_hash_mismatch_is_refused_for_artifacts" time="0.364" /><testcase classname="tests.m1.test_m1_p1_fixes" name="test_fs_read_registers_context_append" time="0.141" /><testcase classname="tests.m1.test_m1_p1_fixes" name="test_failed_docker_kill_leaves_exit_unconfirmed" time="0.348" /><testcase classname="tests.m1.test_m1_p1_fixes" name="test_reconcile_quarantines_unconfirmed_sandbox_exit" time="0.200" /><testcase classname="tests.m1.test_m1_p1_fixes" name="test_run_wall_budget_is_checked_before_each_tool" time="1.544" /><testcase classname="tests.m1.test_m1_review_fixes" name="test_p1_stop_terminates_the_run_and_its_credential_loses_tool_access" time="0.612" /><testcase classname="tests.m1.test_m1_review_fixes" name="test_p1_result_after_stop_is_history_and_never_completes_the_work_unit" time="20.127" /><testcase classname="tests.m1.test_m1_review_fixes" name="test_p1_a_credential_bound_to_another_run_cannot_publish_or_append" time="0.119" /><testcase classname="tests.m1.test_m1_review_fixes" name="test_p2_model_usage_requires_a_run_bound_internal_credential" time="0.114" /><testcase classname="tests.m1.test_m1_review_fixes" name="test_p2_empty_model_completion_is_blocked_not_passed" time="0.317" /><testcase classname="tests.m1.test_m1_review_fixes" name="test_p2_run_wall_timeout_bounds_the_worker_loop" time="1.365" /><testcase classname="tests.m1.test_m1_review_fixes" name="test_p2_lost_run_with_a_possible_effect_blocks_instead_of_retrying" time="0.618" /><testcase classname="tests.m1.test_m1_review_fixes" name="test_p2_dependency_result_bytes_count_towards_the_context_budget" time="0.119" /><testcase classname="tests.m1.test_m1_review_fixes" name="test_p1_published_artifact_is_a_verified_delivery" time="0.129" /><testcase classname="tests.m1.test_m1_review_fixes" name="test_p1_fabricated_artifact_reference_is_never_a_verified_delivery" time="0.130" /><testcase classname="tests.m1.test_provider_faults" name="test_client_retries_a_transient_rate_limit" time="0.540" /><testcase classname="tests.m1.test_provider_faults" name="test_client_retries_a_server_error" time="0.508" /><testcase classname="tests.m1.test_provider_faults" name="test_client_does_not_retry_an_auth_failure" time="0.507" /><testcase classname="tests.m1.test_provider_faults" name="test_client_classifies_a_malformed_body_as_a_protocol_error" time="0.507" /><testcase classname="tests.m1.test_provider_faults" name="test_client_classifies_an_empty_choices_body" time="0.508" /><testcase classname="tests.m1.test_provider_faults" name="test_client_times_out_on_a_hanging_provider" time="1.511" /><testcase classname="tests.m1.test_provider_faults" name="test_adapter_blocks_on_a_persistent_provider_failure" time="1.112" /><testcase classname="tests.m1.test_provider_faults" name="test_adapter_blocks_on_truncated_tool_arguments" time="0.793" /><testcase classname="tests.m1.test_provider_faults" name="test_adapter_survives_a_transient_fault_and_completes" time="0.607" /><testcase classname="tests.m1.test_provider_faults" name="test_stop_cap_bounds_a_hanging_provider_call" time="0.502" /><testcase classname="tests.m1.test_provider_faults" name="test_harness_survives_a_chaotic_provider_without_invariant_violations" time="2.113" /><testcase classname="tests.m2.test_h033_h038_acceptance" name="test_h033_bad_plan_refused_without_destroying_active" time="0.089" /><testcase classname="tests.m2.test_h033_h038_acceptance" name="test_h033_cross_task_refused_without_destroying_active" time="0.099" /><testcase classname="tests.m2.test_h033_h038_acceptance" name="test_task_a_plan_run_marker_and_fake_planner" time="0.102" /><testcase classname="tests.m2.test_h033_h038_acceptance" name="test_h034_spawn_refused" time="0.083" /><testcase classname="tests.m2.test_h033_h038_acceptance" name="test_h035_barrier_parallel_and_shared_workspace_serial" time="0.477" /><testcase classname="tests.m2.test_h033_h038_acceptance" name="test_h036_checkpoint_and_stale_generation" time="0.122" /><testcase classname="tests.m2.test_h033_h038_acceptance" name="test_h013_h038_verify_fail_repair_new_pass" time="0.166" /><testcase classname="tests.m2.test_h033_h038_acceptance" name="test_h037_integrate_conflict_keeps_original_artifacts" time="0.165" /><testcase classname="tests.m2.test_h033_h038_acceptance" name="test_h011_h014_h015_h016_via_planner_runtime" time="0.223" /><testcase classname="tests.m2.test_h033_h038_acceptance" name="test_g4_complex_fake_scenario_x20[0]" time="0.199" /><testcase classname="tests.m2.test_h033_h038_acceptance" name="test_g4_complex_fake_scenario_x20[1]" time="0.401" /><testcase classname="tests.m2.test_h033_h038_acceptance" name="test_g4_complex_fake_scenario_x20[2]" time="0.189" /><testcase classname="tests.m2.test_h033_h038_acceptance" name="test_g4_complex_fake_scenario_x20[3]" time="0.184" /><testcase classname="tests.m2.test_h033_h038_acceptance" name="test_g4_complex_fake_scenario_x20[4]" time="0.184" /><testcase classname="tests.m2.test_h033_h038_acceptance" name="test_g4_complex_fake_scenario_x20[5]" time="0.189" /><testcase classname="tests.m2.test_h033_h038_acceptance" name="test_g4_complex_fake_scenario_x20[6]" time="0.183" /><testcase classname="tests.m2.test_h033_h038_acceptance" name="test_g4_complex_fake_scenario_x20[7]" time="0.183" /><testcase classname="tests.m2.test_h033_h038_acceptance" name="test_g4_complex_fake_scenario_x20[8]" time="0.184" /><testcase classname="tests.m2.test_h033_h038_acceptance" name="test_g4_complex_fake_scenario_x20[9]" time="0.400" /><testcase classname="tests.m2.test_h033_h038_acceptance" name="test_g4_complex_fake_scenario_x20[10]" time="0.190" /><testcase classname="tests.m2.test_h033_h038_acceptance" name="test_g4_complex_fake_scenario_x20[11]" time="0.199" /><testcase classname="tests.m2.test_h033_h038_acceptance" name="test_g4_complex_fake_scenario_x20[12]" time="0.203" /><testcase classname="tests.m2.test_h033_h038_acceptance" name="test_g4_complex_fake_scenario_x20[13]" time="0.200" /><testcase classname="tests.m2.test_h033_h038_acceptance" name="test_g4_complex_fake_scenario_x20[14]" time="0.187" /><testcase classname="tests.m2.test_h033_h038_acceptance" name="test_g4_complex_fake_scenario_x20[15]" time="0.222" /><testcase classname="tests.m2.test_h033_h038_acceptance" name="test_g4_complex_fake_scenario_x20[16]" time="0.211" /><testcase classname="tests.m2.test_h033_h038_acceptance" name="test_g4_complex_fake_scenario_x20[17]" time="0.190" /><testcase classname="tests.m2.test_h033_h038_acceptance" name="test_g4_complex_fake_scenario_x20[18]" time="0.487" /><testcase classname="tests.m2.test_h033_h038_acceptance" name="test_g4_complex_fake_scenario_x20[19]" time="0.200" /><testcase classname="tests.m2.test_review_regressions" name="test_worker_cannot_dispatch_foreign_task" time="0.228" /><testcase classname="tests.m2.test_review_regressions" name="test_post_message_requires_run_binding" time="0.114" /><testcase classname="tests.m2.test_review_regressions" name="test_generation_bump_revokes_old_plan_run" time="0.126" /><testcase classname="tests.m2.test_review_regressions" name="test_worker_result_posts_task_message" time="0.136" /><testcase classname="tests.m2.test_review_regressions" name="test_work_unit_objective_and_input_refs_preserved" time="0.119" /><testcase classname="tests.m2.test_review_regressions" name="test_parse_explicit_verify_fail" time="0.000" /><testcase classname="tests.m2.test_review_regressions" name="test_api_agent_preserves_completed_fail" time="0.116" /><testcase classname="tests.m2.test_review_regressions" name="test_docker_inspect_query_failure_keeps_isolation" time="0.072" /><testcase classname="tests.m2.test_review_regressions" name="test_empty_and_dot_paths_rejected" time="0.001" /><testcase classname="tests.m2.test_second_review_regressions" name="test_parse_keeps_nested_acceptance_evidence" time="0.000" /><testcase classname="tests.m2.test_second_review_regressions" name="test_parse_keeps_evidence_when_verdict_follows_evidence" time="0.000" /><testcase classname="tests.m2.test_second_review_regressions" name="test_parse_rejects_truncated_json_instead_of_guessing_pass" time="0.000" /><testcase classname="tests.m2.test_second_review_regressions" name="test_parse_ignores_json_shaped_prose" time="0.000" /><testcase classname="tests.m2.test_second_review_regressions" name="test_parse_still_honors_explicit_markers" time="0.000" /><testcase classname="tests.m2.test_second_review_regressions" name="test_parse_handles_brace_inside_string" time="0.000" /><testcase classname="tests.m2.test_second_review_regressions" name="test_negated_blocked_marker_is_not_a_block" time="0.000" /><testcase classname="tests.m2.test_second_review_regressions" name="test_asserted_blocked_marker_still_blocks" time="0.000" /><testcase classname="tests.m2.test_second_review_regressions" name="test_negated_markers_do_not_mint_a_verdict" time="0.000" /><testcase classname="tests.m2.test_second_review_regressions" name="test_plan_manifest_materializes_contract" time="0.098" /><testcase classname="tests.m2.test_second_review_regressions" name="test_fake_planner_consumes_task_messages_on_recovery" time="0.152" /><testcase classname="tests.m2.test_second_review_regressions" name="test_checkpoint_requires_active_plan_run_and_principal" time="0.383" /><testcase classname="tests.m2.test_second_review_regressions" name="test_confirmed_shell_exit_releases_workspace" time="0.128" /><testcase classname="tests.m2.test_second_review_regressions" name="test_pending_claim_does_not_quarantine_but_unconfirmed_exit_does" time="0.112" /><testcase classname="tests.m2.test_second_review_regressions" name="test_shell_exit_does_not_release_workspace_while_run_is_live" time="0.172" /><testcase classname="tests.m2.test_second_review_regressions" name="test_core_refuses_unpinned_verdict_pass_without_an_opt_out" time="0.104" /><testcase classname="tests.persistence.test_sqlite" name="test_engine_pragmas" time="0.016" /><testcase classname="tests.property.test_random_schedule" name="test_100_fixed_seeds" time="75.867" /><testcase classname="tests.property.test_random_schedule" name="test_random_schedule_reports_real_input_counts" time="2.014" /><testcase classname="tests.recovery.test_m1_recovery" name="test_recovery_model_request_interrupted_never_claims_success" time="0.130" /><testcase classname="tests.recovery.test_m1_recovery" name="test_recovery_worker_crash_marks_run_lost_and_recovers_the_work_unit" time="0.123" /><testcase classname="tests.recovery.test_m1_recovery" name="test_recovery_artifact_publish_crash_then_republication" time="0.137" /><testcase classname="tests.recovery.test_m1_recovery" name="test_lost_run_recovery_policy_is_conservative" time="0.000" /><testcase classname="tests.recovery.test_m1_recovery" name="test_terminal_run_status_helper_matches_core" time="0.000" /><testcase classname="tests.recovery.test_recovery" name="test_migrate_from_empty_dir" time="0.050" /><testcase classname="tests.recovery.test_recovery" name="test_refuse_start_without_schema" time="0.002" /><testcase classname="tests.recovery.test_recovery" name="test_startup_refuses_unknown_schema_on_existing_db" time="0.058" /><testcase classname="tests.recovery.test_recovery" name="test_startup_refuses_partially_migrated_db" time="0.056" /><testcase classname="tests.recovery.test_recovery" name="test_startup_refuses_unknown_alembic_revision" time="0.004" /><testcase classname="tests.recovery.test_recovery" name="test_startup_upgrades_known_older_revision" time="0.055" /><testcase classname="tests.recovery.test_recovery" name="test_startup_upgrades_m0_generation_to_m1" time="0.061" /><testcase classname="tests.recovery.test_recovery" name="test_reconcile_after_restart" time="0.123" /><testcase classname="tests.runtime.test_api_agent" name="test_full_run_reaches_submitted_completed_result" time="0.461" /><testcase classname="tests.runtime.test_api_agent" name="test_second_start_does_not_run_the_loop_twice" time="0.177" /><testcase classname="tests.runtime.test_api_agent" name="test_stop_before_the_model_replies_prevents_result_submission" time="0.319" /><testcase classname="tests.runtime.test_api_agent" name="test_inspect_reports_identity_and_missing" time="0.142" /><testcase classname="tests.runtime.test_api_agent" name="test_model_error_produces_blocked_not_false_success" time="0.153" /><testcase classname="tests.runtime.test_api_agent" name="test_unexpected_client_exception_is_blocked_not_a_crash" time="0.146" /><testcase classname="tests.runtime.test_api_agent" name="test_blocked_marker_in_final_message_yields_blocked" time="0.128" /><testcase classname="tests.runtime.test_api_agent" name="test_tool_call_is_dispatched_through_the_broker" time="0.135" /><testcase classname="tests.runtime.test_api_agent" name="test_stop_interrupts_an_in_flight_tool_command" time="0.145" /><testcase classname="tests.runtime.test_api_agent" name="test_real_container_stop_completes_within_15s" time="0.888" /><testcase classname="tests.runtime.test_api_agent" name="test_pause_command_stops_the_real_container_within_15s" time="1.247" /><testcase classname="tests.runtime.test_api_agent" name="test_only_published_artifacts_become_result_refs" time="0.001" /><testcase classname="tests.runtime.test_api_agent" name="test_result_refs_never_include_unpublished_file_digests" time="0.164" /><testcase classname="tests.runtime.test_openai_client" name="test_normal_reply_is_parsed" time="0.001" /><testcase classname="tests.runtime.test_openai_client" name="test_tool_call_reply_is_normalized" time="0.000" /><testcase classname="tests.runtime.test_openai_client" name="test_legacy_function_call_is_supported" time="0.001" /><testcase classname="tests.runtime.test_openai_client" name="test_rate_limit_429_is_retried_then_succeeds" time="0.001" /><testcase classname="tests.runtime.test_openai_client" name="test_server_error_retries_are_bounded" time="0.001" /><testcase classname="tests.runtime.test_openai_client" name="test_bad_request_400_is_not_retried" time="0.001" /><testcase classname="tests.runtime.test_openai_client" name="test_auth_error_is_not_retried" time="0.000" /><testcase classname="tests.runtime.test_openai_client" name="test_timeout_is_retryable" time="0.000" /><testcase classname="tests.runtime.test_openai_client" name="test_missing_choices_is_a_protocol_error" time="0.001" /><testcase classname="tests.runtime.test_openai_client" name="test_non_json_tool_arguments_is_a_protocol_error" time="0.000" /><testcase classname="tests.runtime.test_openai_client" name="test_api_key_never_appears_in_error_messages" time="0.001" /><testcase classname="tests.runtime.test_openai_client" name="test_error_message_redacts_key_even_in_server_body" time="0.000" /><testcase classname="tests.runtime.test_openai_client" name="test_message_dump_includes_tool_metadata" time="0.001" /><testcase classname="tests.tools.test_broker" name="test_allowed_write_and_read_round_trip" time="0.117" /><testcase classname="tests.tools.test_broker" name="test_fs_read_honours_the_size_cap" time="0.110" /><testcase classname="tests.tools.test_broker" name="test_tool_outside_the_ceiling_is_denied_and_recorded" time="0.106" /><testcase classname="tests.tools.test_broker" name="test_foreign_and_unbound_credentials_are_denied_and_recorded" time="0.205" /><testcase classname="tests.tools.test_broker" name="test_run_not_running_is_denied_and_recorded" time="0.112" /><testcase classname="tests.tools.test_broker" name="test_frozen_task_is_denied_and_recorded" time="0.117" /><testcase classname="tests.tools.test_broker" name="test_blocking_gate_freezes_tools" time="0.102" /><testcase classname="tests.tools.test_broker" name="test_epoch_mismatch_is_denied_and_recorded" time="0.411" /><testcase classname="tests.tools.test_broker" name="test_path_escape_is_refused_and_recorded_as_denied_outcome" time="0.119" /><testcase classname="tests.tools.test_broker" name="test_every_denial_is_still_recorded" time="0.110" /><testcase classname="tests.tools.test_broker" name="test_record_outcome_never_overwrites_with_a_different_outcome" time="0.103" /><testcase classname="tests.tools.test_paths" name="test_successful_read_list_nested_mkdir_and_atomic_write" time="0.002" /><testcase classname="tests.tools.test_paths" name="test_open_for_write_writes_a_regular_file" time="0.001" /><testcase classname="tests.tools.test_paths" name="test_missing_file_for_read_is_a_normal_filesystem_error" time="0.001" /><testcase classname="tests.tools.test_paths" name="test_unsafe_paths_are_rejected_by_every_operation[../x]" time="0.001" /><testcase classname="tests.tools.test_paths" name="test_unsafe_paths_are_rejected_by_every_operation[a/../../x]" time="0.001" /><testcase classname="tests.tools.test_paths" name="test_unsafe_paths_are_rejected_by_every_operation[a/b/../../../../etc/passwd]" time="0.001" /><testcase classname="tests.tools.test_paths" name="test_unsafe_paths_are_rejected_by_every_operation[/etc/passwd]" time="0.001" /><testcase classname="tests.tools.test_paths" name="test_unsafe_paths_are_rejected_by_every_operation[C:\\x]" time="0.001" /><testcase classname="tests.tools.test_paths" name="test_unsafe_paths_are_rejected_by_every_operation[C:/x]" time="0.001" /><testcase classname="tests.tools.test_paths" name="test_unsafe_paths_are_rejected_by_every_operation[\\\\server\\share\\x]" time="0.001" /><testcase classname="tests.tools.test_paths" name="test_unsafe_paths_are_rejected_by_every_operation[a\x00b]" time="0.001" /><testcase classname="tests.tools.test_paths" name="test_unsafe_paths_are_rejected_by_every_operation[]" time="0.001" /><testcase classname="tests.tools.test_paths" name="test_unsafe_paths_are_rejected_by_every_operation[.]" time="0.001" /><testcase classname="tests.tools.test_paths" name="test_unsafe_paths_are_rejected_by_every_operation[./]" time="0.001" /><testcase classname="tests.tools.test_paths" name="test_symlinked_directory_inside_root_pointing_outside_is_refused" time="0.001" /><testcase classname="tests.tools.test_paths" name="test_symlink_at_the_final_component_is_refused" time="0.002" /><testcase classname="tests.tools.test_paths" name="test_intermediate_regular_file_is_not_a_directory" time="0.001" /><testcase classname="tests.tools.test_paths" name="test_root_must_exist_and_be_a_directory" time="0.001" /><testcase classname="tests.tools.test_paths" name="test_closed_workspace_refuses_further_operations" time="0.001" /><testcase classname="tests.tools.test_sandbox" name="test_execute_runs_command_and_captures_stdout" time="0.474" /><testcase classname="tests.tools.test_sandbox" name="test_no_network" time="0.564" /><testcase classname="tests.tools.test_sandbox" name="test_read_only_root_non_root_user_and_no_capabilities" time="0.687" /><testcase classname="tests.tools.test_sandbox" name="test_workspace_is_writable_and_readonly_mount_is_enforced" time="0.954" /><testcase classname="tests.tools.test_sandbox" name="test_wall_clock_timeout_kills_the_container" time="2.280" /><testcase classname="tests.tools.test_sandbox" name="test_memory_limit_kill_is_not_reported_as_success" time="0.577" /><testcase classname="tests.tools.test_sandbox" name="test_container_env_is_explicit_and_never_inherits_host" time="0.518" /><testcase classname="tests.tools.test_sandbox" name="test_build_run_args_applies_the_hardening_profile" time="0.001" /><testcase classname="tests.tools.test_sandbox" name="test_unavailable_when_docker_cli_is_missing" time="0.173" /><testcase classname="tests.tools.test_sandbox" name="test_credential_like_env_keys_are_rejected" time="0.000" /><testcase classname="tests.tools.test_sandbox" name="test_malformed_command_and_spec_raise_value_error" time="0.001" /><testcase classname="tests.tools.test_sandbox" name="test_stop_event_interrupts_a_long_command_well_inside_15s" time="0.783" /><testcase classname="tests.tools.test_sandbox" name="test_cancel_event_must_be_event_like" time="0.001" /><testcase classname="tests.tools.test_workspace" name="test_materialize_creates_private_dir_and_is_idempotent" time="0.001" /><testcase classname="tests.tools.test_workspace" name="test_seed_files_include_nested_directories" time="0.001" /><testcase classname="tests.tools.test_workspace" name="test_baseline_records_the_resolved_git_commit" time="0.019" /><testcase classname="tests.tools.test_workspace" name="test_non_repo_base_ref_is_recorded_as_such" time="0.004" /><testcase classname="tests.tools.test_workspace" name="test_diff_falls_back_to_listing_and_hashes" time="0.001" /><testcase classname="tests.tools.test_workspace" name="test_diff_uses_git_when_the_workspace_is_a_repo" time="0.021" /><testcase classname="tests.tools.test_workspace" name="test_archive_manifest_hashes_every_regular_file" time="0.002" /><testcase classname="tests.tools.test_workspace" name="test_list_files_never_follows_a_symlink_out_of_root" time="0.001" /><testcase classname="tests.tools.test_workspace" name="test_materialize_refuses_unsafe_workspace_ids[../x]" time="0.001" /><testcase classname="tests.tools.test_workspace" name="test_materialize_refuses_unsafe_workspace_ids[a/b]" time="0.001" /><testcase classname="tests.tools.test_workspace" name="test_materialize_refuses_unsafe_workspace_ids[..]" time="0.001" /><testcase classname="tests.tools.test_workspace" name="test_materialize_refuses_unsafe_workspace_ids[a\x00b]" time="0.001" /><testcase classname="tests.tools.test_workspace" name="test_materialize_refuses_unsafe_workspace_ids[]" time="0.001" /><testcase classname="tests.tools.test_workspace" name="test_quarantine_writes_a_marker_and_keeps_files" time="0.002" /></testsuite></testsuites>