<?xml version="1.0" encoding="utf-8"?><testsuites name="pytest tests"><testsuite name="pytest" errors="0" failures="0" skipped="0" tests="41" time="35.985" timestamp="2026-09-13T19:21:31.526943+08:00" hostname="Cancion"><testcase classname="tests.m1.test_fixed_tasks" name="test_exactly_three_fixed_tasks_exist" time="0.001" /><testcase classname="tests.m1.test_fixed_tasks" name="test_task_spec_is_loadable_and_within_system_limits[k1_attachment_summary]" time="0.000" /><testcase classname="tests.m1.test_fixed_tasks" name="test_task_spec_is_loadable_and_within_system_limits[k2_file_conversion]" time="0.000" /><testcase classname="tests.m1.test_fixed_tasks" name="test_task_spec_is_loadable_and_within_system_limits[k3_repo_change]" time="0.000" /><testcase classname="tests.m1.test_fixed_tasks" name="test_every_fixed_task_is_offline_and_local" time="0.000" /><testcase classname="tests.m1.test_fixed_tasks" name="test_k3_seed_repo_actually_fails_before_the_fix" time="0.000" /><testcase classname="tests.m1.test_fixed_tasks" name="test_k1_and_k2_seeds_are_deterministic_and_small" time="0.000" /><testcase classname="tests.m1.test_fixed_tasks" name="test_runner_dry_run_validates_the_path_without_a_provider" time="1.868" /><testcase classname="tests.m1.test_h022_h032_acceptance" name="test_h022_simple_task_reaches_the_worker_without_a_planner" time="0.115" /><testcase classname="tests.m1.test_h022_h032_acceptance" name="test_h023_worker_reads_only_authorized_inputs_and_never_inherits" time="0.112" /><testcase classname="tests.m1.test_h022_h032_acceptance" name="test_h024_mandatory_context_overflow_blocks_instead_of_truncating" time="0.131" /><testcase classname="tests.m1.test_h022_h032_acceptance" name="test_h025_dynamic_input_is_appended_with_provenance" time="0.115" /><testcase classname="tests.m1.test_h022_h032_acceptance" name="test_h026_unauthorized_artifact_or_foreign_reads_are_refused" time="0.170" /><testcase classname="tests.m1.test_h022_h032_acceptance" name="test_h027_path_traversal_and_symlink_escape_are_refused_and_recorded" time="0.128" /><testcase classname="tests.m1.test_h022_h032_acceptance" name="test_h028_sandbox_has_no_network_and_no_credentials" time="0.563" /><testcase classname="tests.m1.test_h022_h032_acceptance" name="test_h029_same_workspace_admits_only_one_writer" time="0.193" /><testcase classname="tests.m1.test_h022_h032_acceptance" name="test_h030_retry_creates_a_new_run_and_keeps_the_workspace" time="0.155" /><testcase classname="tests.m1.test_h022_h032_acceptance" name="test_h031_crash_between_publish_and_registration_leaves_no_lie" time="0.178" /><testcase classname="tests.m1.test_h022_h032_acceptance" name="test_h032_worker_without_a_usable_sandbox_never_claims_success" time="0.115" /><testcase classname="tests.m1.test_h022_h032_acceptance" name="test_task_model_budget_is_enforced_by_the_core_not_the_worker" time="0.203" /><testcase classname="tests.m1.test_h022_h032_acceptance" name="test_worker_stops_when_the_core_refuses_more_model_calls" time="0.113" /><testcase classname="tests.m1.test_m1_review_fixes" name="test_p1_stop_terminates_the_run_and_its_credential_loses_tool_access" time="0.609" /><testcase classname="tests.m1.test_m1_review_fixes" name="test_p1_result_after_stop_is_history_and_never_completes_the_work_unit" time="20.108" /><testcase classname="tests.m1.test_m1_review_fixes" name="test_p1_a_credential_bound_to_another_run_cannot_publish_or_append" time="0.115" /><testcase classname="tests.m1.test_m1_review_fixes" name="test_p2_model_usage_requires_a_run_bound_internal_credential" time="0.181" /><testcase classname="tests.m1.test_m1_review_fixes" name="test_p2_empty_model_completion_is_blocked_not_passed" time="0.158" /><testcase classname="tests.m1.test_m1_review_fixes" name="test_p2_run_wall_timeout_bounds_the_worker_loop" time="1.311" /><testcase classname="tests.m1.test_m1_review_fixes" name="test_p2_lost_run_with_a_possible_effect_blocks_instead_of_retrying" time="0.615" /><testcase classname="tests.m1.test_m1_review_fixes" name="test_p2_dependency_result_bytes_count_towards_the_context_budget" time="0.186" /><testcase classname="tests.m1.test_m1_review_fixes" name="test_p1_published_artifact_is_a_verified_delivery" time="0.122" /><testcase classname="tests.m1.test_m1_review_fixes" name="test_p1_fabricated_artifact_reference_is_never_a_verified_delivery" time="0.134" /><testcase classname="tests.m1.test_provider_faults" name="test_client_retries_a_transient_rate_limit" time="0.528" /><testcase classname="tests.m1.test_provider_faults" name="test_client_retries_a_server_error" time="0.507" /><testcase classname="tests.m1.test_provider_faults" name="test_client_does_not_retry_an_auth_failure" time="0.508" /><testcase classname="tests.m1.test_provider_faults" name="test_client_classifies_a_malformed_body_as_a_protocol_error" time="0.509" /><testcase classname="tests.m1.test_provider_faults" name="test_client_classifies_an_empty_choices_body" time="0.509" /><testcase classname="tests.m1.test_provider_faults" name="test_client_times_out_on_a_hanging_provider" time="1.509" /><testcase classname="tests.m1.test_provider_faults" name="test_adapter_blocks_on_a_persistent_provider_failure" time="1.110" /><testcase classname="tests.m1.test_provider_faults" name="test_adapter_blocks_on_truncated_tool_arguments" time="0.609" /><testcase classname="tests.m1.test_provider_faults" name="test_adapter_survives_a_transient_fault_and_completes" time="0.683" /><testcase classname="tests.m1.test_provider_faults" name="test_stop_cap_bounds_a_hanging_provider_call" time="0.502" /></testsuite></testsuites>