<?xml version="1.0" encoding="utf-8"?><testsuites name="pytest tests"><testsuite name="pytest" errors="0" failures="0" skipped="0" tests="11" time="9.458" timestamp="2026-09-13T19:31:30.481078+08:00" hostname="Cancion"><testcase classname="tests.m1.test_provider_faults" name="test_client_retries_a_transient_rate_limit" time="0.523" /><testcase classname="tests.m1.test_provider_faults" name="test_client_retries_a_server_error" time="0.509" /><testcase classname="tests.m1.test_provider_faults" name="test_client_does_not_retry_an_auth_failure" time="0.507" /><testcase classname="tests.m1.test_provider_faults" name="test_client_classifies_a_malformed_body_as_a_protocol_error" time="0.508" /><testcase classname="tests.m1.test_provider_faults" name="test_client_classifies_an_empty_choices_body" time="0.508" /><testcase classname="tests.m1.test_provider_faults" name="test_client_times_out_on_a_hanging_provider" time="1.511" /><testcase classname="tests.m1.test_provider_faults" name="test_adapter_blocks_on_a_persistent_provider_failure" time="1.167" /><testcase classname="tests.m1.test_provider_faults" name="test_adapter_blocks_on_truncated_tool_arguments" time="0.601" /><testcase classname="tests.m1.test_provider_faults" name="test_adapter_survives_a_transient_fault_and_completes" time="0.652" /><testcase classname="tests.m1.test_provider_faults" name="test_stop_cap_bounds_a_hanging_provider_call" time="0.502" /><testcase classname="tests.m1.test_provider_faults" name="test_harness_survives_a_chaotic_provider_without_invariant_violations" time="2.162" /></testsuite></testsuites>