<?xml version="1.0" encoding="utf-8"?><testsuites name="pytest tests"><testsuite name="pytest" errors="0" failures="1" skipped="0" tests="18" time="29.307" timestamp="2026-09-13T19:20:24.386577+08:00" hostname="Cancion"><testcase classname="tests.m1.test_provider_faults" name="test_client_retries_a_transient_rate_limit" time="0.524" /><testcase classname="tests.m1.test_provider_faults" name="test_client_retries_a_server_error" time="0.508" /><testcase classname="tests.m1.test_provider_faults" name="test_client_does_not_retry_an_auth_failure" time="0.508" /><testcase classname="tests.m1.test_provider_faults" name="test_client_classifies_a_malformed_body_as_a_protocol_error" time="0.508" /><testcase classname="tests.m1.test_provider_faults" name="test_client_classifies_an_empty_choices_body" time="0.510" /><testcase classname="tests.m1.test_provider_faults" name="test_client_times_out_on_a_hanging_provider" time="1.508" /><testcase classname="tests.m1.test_provider_faults" name="test_adapter_blocks_on_a_persistent_provider_failure" time="1.177" /><testcase classname="tests.m1.test_provider_faults" name="test_adapter_blocks_on_truncated_tool_arguments" time="0.647" /><testcase classname="tests.m1.test_provider_faults" name="test_adapter_survives_a_transient_fault_and_completes" time="0.606" /><testcase classname="tests.m1.test_provider_faults" name="test_stop_cap_bounds_a_hanging_provider_call" time="20.593"><failure message="AssertionError: the hanging model call was not aborted&#10;assert True is False">tmp_path = PosixPath('/tmp/pytest-of-ventus/pytest-194/test_stop_cap_bounds_a_hanging0')
faulty = &lt;function faulty.&lt;locals&gt;._start at 0x7798731a6de0&gt;

    def test_stop_cap_bounds_a_hanging_provider_call(tmp_path, faulty):
        """Pause/Cancel must not be held open by a hanging provider response."""
        url = faulty("hang", hang_seconds=60.0)
        svc, _ = make_core(tmp_path)
        auth = human_auth()
        task_id = _task(svc, auth, ["fs.read"])
        client = OpenAICompatibleClient(url, "sk", "fake-model", timeout_s=30.0, max_retries=0)
        adapter = _adapter_with_client(svc, client)
        adapter.stop_model_call_timeout_s = 2.0
        svc.agent_adapter = adapter
        r = svc.execute("dispatch_ready_runs", auth, {"task_id": task_id})
        run_id = r.data["created_runs"][0]
    
        deadline = time.monotonic() + 5
        while time.monotonic() &lt; deadline:
            if any(run["status"] == "RUNNING" for run in svc.list_runs(task_id)):
                break
            time.sleep(0.05)
    
        requested = time.monotonic()
        adapter.stop(run_id, "cancel_requested")
        final = adapter.wait_for_exit(run_id, 15.0)
        elapsed = time.monotonic() - requested
        client.close()
    
&gt;       assert final["alive"] is False, "the hanging model call was not aborted"
E       AssertionError: the hanging model call was not aborted
E       assert True is False

tests/m1/test_provider_faults.py:265: AssertionError</failure></testcase><testcase classname="tests.m1.test_fixed_tasks" name="test_exactly_three_fixed_tasks_exist" time="0.000" /><testcase classname="tests.m1.test_fixed_tasks" name="test_task_spec_is_loadable_and_within_system_limits[k1_attachment_summary]" time="0.000" /><testcase classname="tests.m1.test_fixed_tasks" name="test_task_spec_is_loadable_and_within_system_limits[k2_file_conversion]" time="0.000" /><testcase classname="tests.m1.test_fixed_tasks" name="test_task_spec_is_loadable_and_within_system_limits[k3_repo_change]" time="0.000" /><testcase classname="tests.m1.test_fixed_tasks" name="test_every_fixed_task_is_offline_and_local" time="0.000" /><testcase classname="tests.m1.test_fixed_tasks" name="test_k3_seed_repo_actually_fails_before_the_fix" time="0.000" /><testcase classname="tests.m1.test_fixed_tasks" name="test_k1_and_k2_seeds_are_deterministic_and_small" time="0.000" /><testcase classname="tests.m1.test_fixed_tasks" name="test_runner_dry_run_validates_the_path_without_a_provider" time="1.856" /></testsuite></testsuites>