<?xml version="1.0" encoding="utf-8"?><testsuites name="pytest tests"><testsuite name="pytest" errors="0" failures="0" skipped="0" tests="18" time="3.340" timestamp="2026-09-13T18:34:19.080111+08:00" hostname="Cancion"><testcase classname="tests.m1.test_fixed_tasks" name="test_exactly_three_fixed_tasks_exist" time="0.001" /><testcase classname="tests.m1.test_fixed_tasks" name="test_task_spec_is_loadable_and_within_system_limits[k1_attachment_summary]" time="0.000" /><testcase classname="tests.m1.test_fixed_tasks" name="test_task_spec_is_loadable_and_within_system_limits[k2_file_conversion]" time="0.000" /><testcase classname="tests.m1.test_fixed_tasks" name="test_task_spec_is_loadable_and_within_system_limits[k3_repo_change]" time="0.000" /><testcase classname="tests.m1.test_fixed_tasks" name="test_every_fixed_task_is_offline_and_local" time="0.000" /><testcase classname="tests.m1.test_fixed_tasks" name="test_k3_seed_repo_actually_fails_before_the_fix" time="0.001" /><testcase classname="tests.m1.test_fixed_tasks" name="test_k1_and_k2_seeds_are_deterministic_and_small" time="0.000" /><testcase classname="tests.m1.test_h022_h032_acceptance" name="test_h022_simple_task_reaches_the_worker_without_a_planner" time="0.196" /><testcase classname="tests.m1.test_h022_h032_acceptance" name="test_h023_worker_reads_only_authorized_inputs_and_never_inherits" time="0.114" /><testcase classname="tests.m1.test_h022_h032_acceptance" name="test_h024_mandatory_context_overflow_blocks_instead_of_truncating" time="0.084" /><testcase classname="tests.m1.test_h022_h032_acceptance" name="test_h025_dynamic_input_is_appended_with_provenance" time="0.122" /><testcase classname="tests.m1.test_h022_h032_acceptance" name="test_h026_unauthorized_artifact_or_foreign_reads_are_refused" time="0.171" /><testcase classname="tests.m1.test_h022_h032_acceptance" name="test_h027_path_traversal_and_symlink_escape_are_refused_and_recorded" time="0.187" /><testcase classname="tests.m1.test_h022_h032_acceptance" name="test_h028_sandbox_has_no_network_and_no_credentials" time="0.514" /><testcase classname="tests.m1.test_h022_h032_acceptance" name="test_h029_same_workspace_admits_only_one_writer" time="0.136" /><testcase classname="tests.m1.test_h022_h032_acceptance" name="test_h030_retry_creates_a_new_run_and_keeps_the_workspace" time="0.162" /><testcase classname="tests.m1.test_h022_h032_acceptance" name="test_h031_crash_between_publish_and_registration_leaves_no_lie" time="0.123" /><testcase classname="tests.m1.test_h022_h032_acceptance" name="test_h032_worker_without_a_usable_sandbox_never_claims_success" time="0.177" /></testsuite></testsuites>